The target system is: Generic - 3.6.99 - xtensa
The host system is: Windows - 10.0.22621 - AMD64
Compiling the C compiler identification source file "CMakeCCompilerId.c" succeeded.
Compiler: C:/opt/zephyr/zephyr-sdk-0.16.5-1/xtensa-espressif_esp32_zephyr-elf/bin/xtensa-espressif_esp32_zephyr-elf-gcc.exe 
Build flags: 
Id flags: -c 

The output was:
0


Compilation of the C compiler identification source "CMakeCCompilerId.c" produced "CMakeCCompilerId.o"

The C compiler identification is GNU, found in "C:/Users/vc9917e/del/zephyr-iolm/samples/ifm_sample_app/build_esp/CMakeFiles/3.25.1/CompilerIdC/CMakeCCompilerId.o"

Compiling the CXX compiler identification source file "CMakeCXXCompilerId.cpp" succeeded.
Compiler: C:/opt/zephyr/zephyr-sdk-0.16.5-1/xtensa-espressif_esp32_zephyr-elf/bin/xtensa-espressif_esp32_zephyr-elf-g++.exe 
Build flags: 
Id flags: -c 

The output was:
0


Compilation of the CXX compiler identification source "CMakeCXXCompilerId.cpp" produced "CMakeCXXCompilerId.o"

The CXX compiler identification is GNU, found in "C:/Users/vc9917e/del/zephyr-iolm/samples/ifm_sample_app/build_esp/CMakeFiles/3.25.1/CompilerIdCXX/CMakeCXXCompilerId.o"

Checking whether the ASM compiler is GNU using "--version" matched "(GNU assembler)|(GCC)|(Free Software Foundation)":
xtensa-espressif_esp32_zephyr-elf-gcc.exe (Zephyr SDK 0.16.5-1) 12.2.0
Copyright (C) 2022 Free Software Foundation, Inc.
This is free software; see the source for copying conditions.  There is NO
warranty; not even for MERCHANTABILITY or FITNESS FOR A PARTICULAR PURPOSE.

